12:09:36.467 [INFO] cli_log::init: Starting audioleaf v3.0.0 with log level DEBUG
12:09:36.475 [DEBUG] reqwest::connect: starting new connection: http://192.168.0.101:16021/
12:09:36.491 [DEBUG] reqwest::connect: starting new connection: http://192.168.0.101:16021/
12:09:36.501 [DEBUG] reqwest::connect: starting new connection: http://192.168.0.101:16021/
12:09:36.513 [DEBUG] reqwest::connect: starting new connection: http://192.168.0.101:16021/
12:09:36.531 [DEBUG] reqwest::connect: starting new connection: http://192.168.0.101:16021/
12:09:36.764 [DEBUG] audioleaf::visualizer: 3706
12:09:36.807 [DEBUG] audioleaf::visualizer: 3762
12:09:36.849 [DEBUG] audioleaf::visualizer: 3764
12:09:36.892 [DEBUG] audioleaf::visualizer: 3762
12:09:36.935 [DEBUG] audioleaf::visualizer: 3764
12:09:36.977 [DEBUG] audioleaf::visualizer: 3764
12:09:37.020 [DEBUG] audioleaf::visualizer: 3762
12:09:37.063 [DEBUG] audioleaf::visualizer: 3764
12:09:37.105 [DEBUG] audioleaf::visualizer: 3762
12:09:37.148 [DEBUG] audioleaf::visualizer: 3764
12:09:37.191 [DEBUG] audioleaf::visualizer: 3764
12:09:37.233 [DEBUG] audioleaf::visualizer: 3762
12:09:37.276 [DEBUG] audioleaf::visualizer: 3764
12:09:37.319 [DEBUG] audioleaf::visualizer: 3762
12:09:37.362 [DEBUG] audioleaf::visualizer: 3764
12:09:37.404 [DEBUG] audioleaf::visualizer: 3764
12:09:37.447 [DEBUG] audioleaf::visualizer: 3762
12:09:37.490 [DEBUG] audioleaf::visualizer: 3764
12:09:37.532 [DEBUG] audioleaf::visualizer: 3762
12:09:37.575 [DEBUG] audioleaf::visualizer: 3764
12:09:37.618 [DEBUG] audioleaf::visualizer: 3764
12:09:37.660 [DEBUG] audioleaf::visualizer: 3762
12:09:37.703 [DEBUG] audioleaf::visualizer: 3764
12:09:37.746 [DEBUG] audioleaf::visualizer: 3762
12:09:37.788 [DEBUG] audioleaf::visualizer: 3764
12:09:37.831 [DEBUG] audioleaf::visualizer: 3764
12:09:37.874 [DEBUG] audioleaf::visualizer: 3762
12:09:37.916 [DEBUG] audioleaf::visualizer: 3764
12:09:37.959 [DEBUG] audioleaf::visualizer: 3762
12:09:38.002 [DEBUG] audioleaf::visualizer: 3764
12:09:38.044 [DEBUG] audioleaf::visualizer: 3764
12:09:38.087 [DEBUG] audioleaf::visualizer: 3762
12:09:38.130 [DEBUG] audioleaf::visualizer: 3764
12:09:38.172 [DEBUG] audioleaf::visualizer: 3762
12:09:38.215 [DEBUG] audioleaf::visualizer: 3764
12:09:38.258 [DEBUG] audioleaf::visualizer: 3764
12:09:38.300 [DEBUG] audioleaf::visualizer: 3762
12:09:38.343 [DEBUG] audioleaf::visualizer: 3764
12:09:38.386 [DEBUG] audioleaf::visualizer: 3762
12:09:38.428 [DEBUG] audioleaf::visualizer: 3764
12:09:38.471 [DEBUG] audioleaf::visualizer: 3764
12:09:38.514 [DEBUG] audioleaf::visualizer: 3762
12:09:38.557 [DEBUG] audioleaf::visualizer: 3764
12:09:38.599 [DEBUG] audioleaf::visualizer: 3762
12:09:38.642 [DEBUG] audioleaf::visualizer: 3764
12:09:38.684 [DEBUG] audioleaf::visualizer: 3764
12:09:38.727 [DEBUG] audioleaf::visualizer: 3762
12:09:38.770 [DEBUG] audioleaf::visualizer: 3764
12:09:38.812 [DEBUG] audioleaf::visualizer: 3762
12:09:38.855 [DEBUG] audioleaf::visualizer: 3764
12:09:38.898 [DEBUG] audioleaf::visualizer: 3764
12:09:38.940 [DEBUG] audioleaf::visualizer: 3762
12:09:38.983 [DEBUG] audioleaf::visualizer: 3764
12:09:39.026 [DEBUG] audioleaf::visualizer: 3762
12:09:39.068 [DEBUG] audioleaf::visualizer: 3764
12:09:39.111 [DEBUG] audioleaf::visualizer: 3764
12:09:39.154 [DEBUG] audioleaf::visualizer: 3762
12:09:39.196 [DEBUG] audioleaf::visualizer: 3764
12:09:39.239 [DEBUG] audioleaf::visualizer: 3762
12:09:39.282 [DEBUG] audioleaf::visualizer: 3764
12:09:39.324 [DEBUG] audioleaf::visualizer: 3764
12:09:39.367 [DEBUG] audioleaf::visualizer: 3762
12:09:39.410 [DEBUG] audioleaf::visualizer: 3764
12:09:39.452 [DEBUG] audioleaf::visualizer: 3762
12:09:39.495 [DEBUG] audioleaf::visualizer: 3764
12:09:39.538 [DEBUG] audioleaf::visualizer: 3764
12:09:39.580 [DEBUG] audioleaf::visualizer: 3762
12:09:39.623 [DEBUG] audioleaf::visualizer: 3764
12:09:39.666 [DEBUG] audioleaf::visualizer: 3762
12:09:39.708 [DEBUG] audioleaf::visualizer: 3764
12:09:39.751 [DEBUG] audioleaf::visualizer: 3764
12:09:39.794 [DEBUG] audioleaf::visualizer: 3762
12:09:39.836 [DEBUG] audioleaf::visualizer: 3764
12:09:39.879 [DEBUG] audioleaf::visualizer: 3762
12:09:39.922 [DEBUG] audioleaf::visualizer: 3764
12:09:39.964 [DEBUG] audioleaf::visualizer: 3764
12:09:40.007 [DEBUG] audioleaf::visualizer: 3762
12:09:40.050 [DEBUG] audioleaf::visualizer: 3764
12:09:40.092 [DEBUG] audioleaf::visualizer: 3762
12:09:40.135 [DEBUG] audioleaf::visualizer: 3764
12:09:40.178 [DEBUG] audioleaf::visualizer: 3764
12:09:40.220 [DEBUG] audioleaf::visualizer: 3762
12:09:40.263 [DEBUG] audioleaf::visualizer: 3764
12:09:40.306 [DEBUG] audioleaf::visualizer: 3762
12:09:40.348 [DEBUG] audioleaf::visualizer: 3764
12:09:40.391 [DEBUG] audioleaf::visualizer: 3764
12:09:40.434 [DEBUG] audioleaf::visualizer: 3762
12:09:40.476 [DEBUG] audioleaf::visualizer: 3764
12:09:40.519 [DEBUG] audioleaf::visualizer: 3762
12:09:40.562 [DEBUG] audioleaf::visualizer: 3764
12:09:40.604 [DEBUG] audioleaf::visualizer: 3764
12:09:40.647 [DEBUG] audioleaf::visualizer: 3762
12:09:40.690 [DEBUG] audioleaf::visualizer: 3764
12:09:40.733 [DEBUG] audioleaf::visualizer: 3762
12:09:40.775 [DEBUG] audioleaf::visualizer: 3764
12:09:40.818 [DEBUG] audioleaf::visualizer: 3764
12:09:40.860 [DEBUG] audioleaf::visualizer: 3762
12:09:40.903 [DEBUG] audioleaf::visualizer: 3764
12:09:40.946 [DEBUG] audioleaf::visualizer: 3762
12:09:40.988 [DEBUG] audioleaf::visualizer: 3764
12:09:41.031 [DEBUG] audioleaf::visualizer: 3764
12:09:41.074 [DEBUG] audioleaf::visualizer: 3762
12:09:41.116 [DEBUG] audioleaf::visualizer: 3764
12:09:41.159 [DEBUG] audioleaf::visualizer: 3762
12:09:41.202 [DEBUG] audioleaf::visualizer: 3764
12:09:41.244 [DEBUG] audioleaf::visualizer: 3764
12:09:41.287 [DEBUG] audioleaf::visualizer: 3762
12:09:41.330 [DEBUG] audioleaf::visualizer: 3764
12:09:41.372 [DEBUG] audioleaf::visualizer: 3762
12:09:41.415 [DEBUG] audioleaf::visualizer: 3764
12:09:41.458 [DEBUG] audioleaf::visualizer: 3764
12:09:41.500 [DEBUG] audioleaf::visualizer: 3762
12:09:41.543 [DEBUG] audioleaf::visualizer: 3764
12:09:41.586 [DEBUG] audioleaf::visualizer: 3762
12:09:41.628 [DEBUG] audioleaf::visualizer: 3764
12:09:41.671 [DEBUG] audioleaf::visualizer: 3764
12:09:41.714 [DEBUG] audioleaf::visualizer: 3762
12:09:41.756 [DEBUG] audioleaf::visualizer: 3764
12:09:41.799 [DEBUG] audioleaf::visualizer: 3762
12:09:41.842 [DEBUG] audioleaf::visualizer: 3764
12:09:41.884 [DEBUG] audioleaf::visualizer: 3764
12:09:41.927 [DEBUG] audioleaf::visualizer: 3762
12:09:41.970 [DEBUG] audioleaf::visualizer: 3764
12:09:42.012 [DEBUG] audioleaf::visualizer: 3762
12:09:42.055 [DEBUG] audioleaf::visualizer: 3764
12:09:42.098 [DEBUG] audioleaf::visualizer: 3764
12:09:42.140 [DEBUG] audioleaf::visualizer: 3762
12:09:42.183 [DEBUG] audioleaf::visualizer: 3764
12:09:42.226 [DEBUG] audioleaf::visualizer: 3762
12:09:42.268 [DEBUG] audioleaf::visualizer: 3764
12:09:42.311 [DEBUG] audioleaf::visualizer: 3764
12:09:42.354 [DEBUG] audioleaf::visualizer: 3762
12:09:42.396 [DEBUG] audioleaf::visualizer: 3764
12:09:42.439 [DEBUG] audioleaf::visualizer: 3762
12:09:42.482 [DEBUG] audioleaf::visualizer: 3764
12:09:42.524 [DEBUG] audioleaf::visualizer: 3764
12:09:42.567 [DEBUG] audioleaf::visualizer: 3762
12:09:42.610 [DEBUG] audioleaf::visualizer: 3764
12:09:42.652 [DEBUG] audioleaf::visualizer: 3762
12:09:42.695 [DEBUG] audioleaf::visualizer: 3764
12:09:42.738 [DEBUG] audioleaf::visualizer: 3764
12:09:42.780 [DEBUG] audioleaf::visualizer: 3762
12:09:42.823 [DEBUG] audioleaf::visualizer: 3764
12:09:42.866 [DEBUG] audioleaf::visualizer: 3762
12:09:42.908 [DEBUG] audioleaf::visualizer: 3764
12:09:42.923 [DEBUG] reqwest::connect: starting new connection: http://192.168.0.101:16021/
12:09:42.951 [DEBUG] audioleaf::visualizer: 3764
12:09:42.994 [DEBUG] audioleaf::visualizer: 3762
12:09:43.036 [DEBUG] audioleaf::visualizer: 3764
12:09:43.079 [DEBUG] audioleaf::visualizer: 3762
12:09:43.122 [DEBUG] audioleaf::visualizer: 3764
12:09:43.164 [DEBUG] audioleaf::visualizer: 3764
12:09:43.207 [DEBUG] audioleaf::visualizer: 3762
12:09:43.233 [WARN] audioleaf::visualizer: resume received
12:09:43.250 [DEBUG] audioleaf::visualizer: 3764
12:09:43.292 [DEBUG] audioleaf::visualizer: 3762
12:09:43.335 [DEBUG] audioleaf::visualizer: 3764
12:09:43.378 [DEBUG] audioleaf::visualizer: 3764
12:09:43.420 [DEBUG] audioleaf::visualizer: 3762
12:09:43.463 [DEBUG] audioleaf::visualizer: 3764
12:09:43.506 [DEBUG] audioleaf::visualizer: 3762
12:09:43.548 [DEBUG] audioleaf::visualizer: 3764
12:09:43.591 [DEBUG] audioleaf::visualizer: 3764
12:09:43.634 [DEBUG] audioleaf::visualizer: 3762
12:09:43.676 [DEBUG] audioleaf::visualizer: 3764
12:09:43.719 [DEBUG] audioleaf::visualizer: 3762
12:09:43.762 [DEBUG] audioleaf::visualizer: 3764
12:09:43.804 [DEBUG] audioleaf::visualizer: 3764
12:09:43.847 [DEBUG] audioleaf::visualizer: 3762
12:09:43.890 [DEBUG] audioleaf::visualizer: 3764
12:09:43.932 [DEBUG] audioleaf::visualizer: 3762
12:09:43.975 [DEBUG] audioleaf::visualizer: 3764
12:09:44.018 [DEBUG] audioleaf::visualizer: 3764
12:09:44.060 [DEBUG] audioleaf::visualizer: 3762
12:09:44.103 [DEBUG] audioleaf::visualizer: 3764
12:09:44.146 [DEBUG] audioleaf::visualizer: 3762
12:09:44.188 [DEBUG] audioleaf::visualizer: 3764
12:09:44.231 [DEBUG] audioleaf::visualizer: 3764
12:09:44.274 [DEBUG] audioleaf::visualizer: 3762
12:09:44.316 [DEBUG] audioleaf::visualizer: 3764
12:09:44.359 [DEBUG] audioleaf::visualizer: 3762
12:09:44.402 [DEBUG] audioleaf::visualizer: 3764
12:09:44.444 [DEBUG] audioleaf::visualizer: 3764
12:09:44.487 [DEBUG] audioleaf::visualizer: 3762
12:09:44.530 [DEBUG] audioleaf::visualizer: 3764
12:09:44.572 [DEBUG] audioleaf::visualizer: 3762
12:09:44.615 [DEBUG] audioleaf::visualizer: 3764
12:09:44.658 [DEBUG] audioleaf::visualizer: 3764
12:09:44.700 [DEBUG] audioleaf::visualizer: 3762
12:09:44.743 [DEBUG] audioleaf::visualizer: 3764
12:09:44.786 [DEBUG] audioleaf::visualizer: 3762
12:09:44.828 [DEBUG] audioleaf::visualizer: 3764
12:09:44.871 [DEBUG] audioleaf::visualizer: 3764
12:09:44.914 [DEBUG] audioleaf::visualizer: 3762
12:09:44.956 [DEBUG] audioleaf::visualizer: 3764
12:09:44.999 [DEBUG] audioleaf::visualizer: 3762
12:09:45.042 [DEBUG] audioleaf::visualizer: 3764
12:09:45.084 [DEBUG] audioleaf::visualizer: 3764
12:09:45.127 [DEBUG] audioleaf::visualizer: 3762
12:09:45.170 [DEBUG] audioleaf::visualizer: 3764
12:09:45.212 [DEBUG] audioleaf::visualizer: 3762
12:09:45.255 [DEBUG] audioleaf::visualizer: 3764
12:09:45.298 [DEBUG] audioleaf::visualizer: 3764
12:09:45.340 [DEBUG] audioleaf::visualizer: 3762
12:09:45.383 [DEBUG] audioleaf::visualizer: 3764
12:09:45.426 [DEBUG] audioleaf::visualizer: 3762
12:09:45.468 [DEBUG] audioleaf::visualizer: 3764
12:09:45.511 [DEBUG] audioleaf::visualizer: 3764
12:09:45.554 [DEBUG] audioleaf::visualizer: 3762
12:09:45.596 [DEBUG] audioleaf::visualizer: 3764
12:09:45.639 [DEBUG] audioleaf::visualizer: 3762
12:09:45.682 [DEBUG] audioleaf::visualizer: 3764
12:09:45.724 [DEBUG] audioleaf::visualizer: 3764
12:09:45.767 [DEBUG] audioleaf::visualizer: 3762
12:09:45.810 [DEBUG] audioleaf::visualizer: 3764
12:09:45.852 [DEBUG] audioleaf::visualizer: 3762
12:09:45.895 [DEBUG] audioleaf::visualizer: 3764
12:09:45.938 [DEBUG] audioleaf::visualizer: 3764
12:09:45.980 [DEBUG] audioleaf::visualizer: 3762
12:09:46.023 [DEBUG] audioleaf::visualizer: 3764
12:09:46.066 [DEBUG] audioleaf::visualizer: 3762
12:09:46.108 [DEBUG] audioleaf::visualizer: 3764
12:09:46.151 [DEBUG] audioleaf::visualizer: 3764
12:09:46.194 [DEBUG] audioleaf::visualizer: 3762
12:09:46.236 [DEBUG] audioleaf::visualizer: 3764
12:09:46.279 [DEBUG] audioleaf::visualizer: 3762
12:09:46.322 [DEBUG] audioleaf::visualizer: 3764
12:09:46.364 [DEBUG] audioleaf::visualizer: 3764
12:09:46.407 [DEBUG] audioleaf::visualizer: 3762
12:09:46.450 [DEBUG] audioleaf::visualizer: 3764
12:09:46.492 [DEBUG] audioleaf::visualizer: 3762
12:09:46.535 [DEBUG] audioleaf::visualizer: 3764
12:09:46.578 [DEBUG] audioleaf::visualizer: 3764
12:09:46.620 [DEBUG] audioleaf::visualizer: 3762
12:09:46.663 [DEBUG] audioleaf::visualizer: 3764
12:09:46.706 [DEBUG] audioleaf::visualizer: 3762
12:09:46.748 [DEBUG] audioleaf::visualizer: 3764
12:09:46.791 [DEBUG] audioleaf::visualizer: 3764
12:09:46.834 [DEBUG] audioleaf::visualizer: 3762
12:09:46.876 [DEBUG] audioleaf::visualizer: 3764
12:09:46.919 [DEBUG] audioleaf::visualizer: 3762
12:09:46.962 [DEBUG] audioleaf::visualizer: 3764
12:09:47.004 [DEBUG] audioleaf::visualizer: 3764
12:09:47.047 [DEBUG] audioleaf::visualizer: 3762
12:09:47.090 [DEBUG] audioleaf::visualizer: 3764
12:09:47.132 [DEBUG] audioleaf::visualizer: 3762
12:09:47.175 [DEBUG] audioleaf::visualizer: 3764
12:09:47.218 [DEBUG] audioleaf::visualizer: 3764
12:09:47.260 [DEBUG] audioleaf::visualizer: 3762
12:09:47.303 [DEBUG] audioleaf::visualizer: 3764
12:09:47.346 [DEBUG] audioleaf::visualizer: 3762
12:09:47.388 [DEBUG] audioleaf::visualizer: 3764
12:09:47.431 [DEBUG] audioleaf::visualizer: 3764
12:09:47.474 [DEBUG] audioleaf::visualizer: 3762
12:09:47.516 [DEBUG] audioleaf::visualizer: 3764
12:09:47.559 [DEBUG] audioleaf::visualizer: 3762
12:09:47.602 [DEBUG] audioleaf::visualizer: 3764
12:09:47.644 [DEBUG] audioleaf::visualizer: 3764
12:09:47.687 [DEBUG] audioleaf::visualizer: 3762
12:09:47.730 [DEBUG] audioleaf::visualizer: 3764
12:09:47.772 [DEBUG] audioleaf::visualizer: 3762
12:09:47.815 [DEBUG] audioleaf::visualizer: 3764
12:09:47.858 [DEBUG] audioleaf::visualizer: 3764
12:09:47.900 [DEBUG] audioleaf::visualizer: 3762
12:09:47.943 [DEBUG] audioleaf::visualizer: 3764
12:09:47.986 [DEBUG] audioleaf::visualizer: 3762
12:09:48.028 [DEBUG] audioleaf::visualizer: 3764
12:09:48.071 [DEBUG] audioleaf::visualizer: 3764
12:09:48.114 [DEBUG] audioleaf::visualizer: 3762
12:09:48.156 [DEBUG] audioleaf::visualizer: 3764
12:09:48.199 [DEBUG] audioleaf::visualizer: 3762
12:09:48.242 [DEBUG] audioleaf::visualizer: 3764
12:09:48.284 [DEBUG] audioleaf::visualizer: 3764
12:09:48.327 [DEBUG] audioleaf::visualizer: 3762
12:09:48.370 [DEBUG] audioleaf::visualizer: 3764
12:09:48.412 [DEBUG] audioleaf::visualizer: 3762
12:09:48.455 [DEBUG] audioleaf::visualizer: 3764
12:09:48.498 [DEBUG] audioleaf::visualizer: 3764
12:09:48.540 [DEBUG] audioleaf::visualizer: 3762
12:09:48.583 [DEBUG] audioleaf::visualizer: 3764
12:09:48.626 [DEBUG] audioleaf::visualizer: 3762
12:09:48.668 [DEBUG] audioleaf::visualizer: 3764
12:09:48.711 [DEBUG] audioleaf::visualizer: 3764
12:09:48.754 [DEBUG] audioleaf::visualizer: 3762
12:09:48.796 [DEBUG] audioleaf::visualizer: 3764
12:09:48.839 [DEBUG] audioleaf::visualizer: 3762
12:09:48.882 [DEBUG] audioleaf::visualizer: 3764
12:09:48.924 [DEBUG] audioleaf::visualizer: 3764
12:09:48.967 [DEBUG] audioleaf::visualizer: 3762
12:09:49.010 [DEBUG] audioleaf::visualizer: 3764
12:09:49.052 [DEBUG] audioleaf::visualizer: 3762
12:09:49.095 [DEBUG] audioleaf::visualizer: 3764
12:09:49.138 [DEBUG] audioleaf::visualizer: 3764
12:09:49.180 [DEBUG] audioleaf::visualizer: 3762
12:09:49.223 [DEBUG] audioleaf::visualizer: 3764
12:09:49.266 [DEBUG] audioleaf::visualizer: 3762
12:09:49.308 [DEBUG] audioleaf::visualizer: 3764
12:09:49.351 [DEBUG] audioleaf::visualizer: 3764
12:09:49.394 [DEBUG] audioleaf::visualizer: 3762
12:09:49.436 [DEBUG] audioleaf::visualizer: 3764
12:09:49.479 [DEBUG] audioleaf::visualizer: 3762
12:09:49.522 [DEBUG] audioleaf::visualizer: 3764
12:09:49.564 [DEBUG] audioleaf::visualizer: 3764
12:09:49.607 [DEBUG] audioleaf::visualizer: 3762
12:09:49.650 [DEBUG] audioleaf::visualizer: 3764
12:09:49.692 [DEBUG] audioleaf::visualizer: 3762
12:09:49.735 [DEBUG] audioleaf::visualizer: 3764
12:09:49.778 [DEBUG] audioleaf::visualizer: 3764
12:09:49.820 [DEBUG] audioleaf::visualizer: 3762
12:09:49.863 [DEBUG] audioleaf::visualizer: 3764
12:09:49.906 [DEBUG] audioleaf::visualizer: 3762
12:09:49.948 [DEBUG] audioleaf::visualizer: 3764
12:09:49.991 [DEBUG] audioleaf::visualizer: 3764
12:09:50.034 [DEBUG] audioleaf::visualizer: 3762
12:09:50.076 [DEBUG] audioleaf::visualizer: 3764
12:09:50.119 [DEBUG] audioleaf::visualizer: 3762
12:09:50.162 [DEBUG] audioleaf::visualizer: 3764
12:09:50.204 [DEBUG] audioleaf::visualizer: 3764
12:09:50.247 [DEBUG] audioleaf::visualizer: 3762
12:09:50.290 [DEBUG] audioleaf::visualizer: 3764
12:09:50.332 [DEBUG] audioleaf::visualizer: 3762
12:09:50.375 [DEBUG] audioleaf::visualizer: 3764
12:09:50.418 [DEBUG] audioleaf::visualizer: 3764
12:09:50.460 [DEBUG] audioleaf::visualizer: 3762
12:09:50.503 [DEBUG] audioleaf::visualizer: 3764
12:09:50.546 [DEBUG] audioleaf::visualizer: 3762
12:09:50.588 [DEBUG] audioleaf::visualizer: 3764
12:09:50.631 [DEBUG] audioleaf::visualizer: 3764
12:09:50.674 [DEBUG] audioleaf::visualizer: 3762
12:09:50.716 [DEBUG] audioleaf::visualizer: 3764
12:09:50.759 [DEBUG] audioleaf::visualizer: 3762
12:09:50.802 [DEBUG] audioleaf::visualizer: 3764
12:09:50.844 [DEBUG] audioleaf::visualizer: 3764
12:09:50.887 [DEBUG] audioleaf::visualizer: 3762
12:09:50.930 [DEBUG] audioleaf::visualizer: 3764
12:09:50.972 [DEBUG] audioleaf::visualizer: 3762
12:09:51.015 [DEBUG] audioleaf::visualizer: 3764
12:09:51.058 [DEBUG] audioleaf::visualizer: 3764
12:09:51.100 [DEBUG] audioleaf::visualizer: 3762
12:09:51.143 [DEBUG] audioleaf::visualizer: 3764
12:09:51.186 [DEBUG] audioleaf::visualizer: 3762
12:09:51.228 [DEBUG] audioleaf::visualizer: 3764
12:09:51.271 [DEBUG] audioleaf::visualizer: 3764
12:09:51.314 [DEBUG] audioleaf::visualizer: 3762
12:09:51.356 [DEBUG] audioleaf::visualizer: 3764
12:09:51.399 [DEBUG] audioleaf::visualizer: 3762
12:09:51.442 [DEBUG] audioleaf::visualizer: 3764
12:09:51.484 [DEBUG] audioleaf::visualizer: 3764
12:09:51.527 [DEBUG] audioleaf::visualizer: 3762
12:09:51.570 [DEBUG] audioleaf::visualizer: 3764
12:09:51.612 [DEBUG] audioleaf::visualizer: 3762
12:09:51.655 [DEBUG] audioleaf::visualizer: 3764
12:09:51.698 [DEBUG] audioleaf::visualizer: 3764
12:09:51.740 [DEBUG] audioleaf::visualizer: 3762
12:09:51.783 [DEBUG] audioleaf::visualizer: 3764
12:09:51.826 [DEBUG] audioleaf::visualizer: 3762
12:09:51.868 [DEBUG] audioleaf::visualizer: 3764
12:09:51.911 [DEBUG] audioleaf::visualizer: 3764
12:09:51.954 [DEBUG] audioleaf::visualizer: 3762
12:09:51.996 [DEBUG] audioleaf::visualizer: 3764
12:09:52.039 [DEBUG] audioleaf::visualizer: 3762
12:09:52.082 [DEBUG] audioleaf::visualizer: 3764
12:09:52.124 [DEBUG] audioleaf::visualizer: 3764
12:09:52.167 [DEBUG] audioleaf::visualizer: 3762
12:09:52.210 [DEBUG] audioleaf::visualizer: 3764
12:09:52.252 [DEBUG] audioleaf::visualizer: 3762
12:09:52.295 [DEBUG] audioleaf::visualizer: 3764
12:09:52.338 [DEBUG] audioleaf::visualizer: 3764
12:09:52.380 [DEBUG] audioleaf::visualizer: 3762
12:09:52.423 [DEBUG] audioleaf::visualizer: 3764
12:09:52.466 [DEBUG] audioleaf::visualizer: 3762
12:09:52.508 [DEBUG] audioleaf::visualizer: 3764
12:09:52.551 [DEBUG] audioleaf::visualizer: 3764
12:09:52.594 [DEBUG] audioleaf::visualizer: 3762
12:09:52.636 [DEBUG] audioleaf::visualizer: 3764
12:09:52.679 [DEBUG] audioleaf::visualizer: 3762
12:09:52.722 [DEBUG] audioleaf::visualizer: 3764
12:09:52.764 [DEBUG] audioleaf::visualizer: 3764
12:09:52.807 [DEBUG] audioleaf::visualizer: 3762
12:09:52.850 [DEBUG] audioleaf::visualizer: 3764
12:09:52.892 [DEBUG] audioleaf::visualizer: 3762
12:09:52.935 [DEBUG] audioleaf::visualizer: 3764
12:09:52.978 [DEBUG] audioleaf::visualizer: 3764
12:09:53.020 [DEBUG] audioleaf::visualizer: 3762
12:09:53.063 [DEBUG] audioleaf::visualizer: 3764
12:09:53.106 [DEBUG] audioleaf::visualizer: 3762
12:09:53.148 [DEBUG] audioleaf::visualizer: 3764
12:09:53.191 [DEBUG] audioleaf::visualizer: 3764
12:09:53.234 [DEBUG] audioleaf::visualizer: 3762
12:09:53.276 [DEBUG] audioleaf::visualizer: 3764
12:09:53.319 [DEBUG] audioleaf::visualizer: 3762
12:09:53.362 [DEBUG] audioleaf::visualizer: 3764
12:09:53.404 [DEBUG] audioleaf::visualizer: 3764
12:09:53.447 [DEBUG] audioleaf::visualizer: 3762
12:09:53.490 [DEBUG] audioleaf::visualizer: 3764
12:09:53.532 [DEBUG] audioleaf::visualizer: 3762
12:09:53.575 [DEBUG] audioleaf::visualizer: 3764
12:09:53.618 [DEBUG] audioleaf::visualizer: 3764
12:09:53.660 [DEBUG] audioleaf::visualizer: 3762
12:09:53.703 [DEBUG] audioleaf::visualizer: 3764
12:09:53.746 [DEBUG] audioleaf::visualizer: 3762
12:09:53.788 [DEBUG] audioleaf::visualizer: 3764
12:09:53.831 [DEBUG] audioleaf::visualizer: 3764
12:09:53.874 [DEBUG] audioleaf::visualizer: 3762
12:09:53.916 [DEBUG] audioleaf::visualizer: 3764
12:09:53.959 [DEBUG] audioleaf::visualizer: 3762
12:09:54.002 [DEBUG] audioleaf::visualizer: 3764
12:09:54.044 [DEBUG] audioleaf::visualizer: 3764
12:09:54.087 [DEBUG] audioleaf::visualizer: 3762
12:09:54.130 [DEBUG] audioleaf::visualizer: 3764
12:09:54.172 [DEBUG] audioleaf::visualizer: 3762
12:09:54.215 [DEBUG] audioleaf::visualizer: 3764
12:09:54.258 [DEBUG] audioleaf::visualizer: 3764
12:09:54.300 [DEBUG] audioleaf::visualizer: 3762
12:09:54.343 [DEBUG] audioleaf::visualizer: 3764
12:09:54.386 [DEBUG] audioleaf::visualizer: 3762
12:09:54.428 [DEBUG] audioleaf::visualizer: 3764
12:09:54.471 [DEBUG] audioleaf::visualizer: 3764
12:09:54.514 [DEBUG] audioleaf::visualizer: 3762
12:09:54.556 [DEBUG] audioleaf::visualizer: 3764
12:09:54.599 [DEBUG] audioleaf::visualizer: 3762
12:09:54.642 [DEBUG] audioleaf::visualizer: 3764
12:09:54.684 [DEBUG] audioleaf::visualizer: 3764
12:09:54.727 [DEBUG] audioleaf::visualizer: 3762
12:09:54.770 [DEBUG] audioleaf::visualizer: 3764
12:09:54.812 [DEBUG] audioleaf::visualizer: 3762
12:09:54.855 [DEBUG] audioleaf::visualizer: 3764
12:09:54.898 [DEBUG] audioleaf::visualizer: 3764
12:09:54.940 [DEBUG] audioleaf::visualizer: 3762
12:09:54.983 [DEBUG] audioleaf::visualizer: 3764
12:09:55.026 [DEBUG] audioleaf::visualizer: 3762
12:09:55.068 [DEBUG] audioleaf::visualizer: 3764
12:09:55.111 [DEBUG] audioleaf::visualizer: 3764
12:09:55.154 [DEBUG] audioleaf::visualizer: 3762
12:09:55.196 [DEBUG] audioleaf::visualizer: 3764
12:09:55.239 [DEBUG] audioleaf::visualizer: 3762
12:09:55.282 [DEBUG] audioleaf::visualizer: 3764
12:09:55.324 [DEBUG] audioleaf::visualizer: 3764
12:09:55.367 [DEBUG] audioleaf::visualizer: 3762
12:09:55.410 [DEBUG] audioleaf::visualizer: 3764
12:09:55.452 [DEBUG] audioleaf::visualizer: 3762
12:09:55.495 [DEBUG] audioleaf::visualizer: 3764
12:09:55.538 [DEBUG] audioleaf::visualizer: 3764
12:09:55.580 [DEBUG] audioleaf::visualizer: 3762
12:09:55.623 [DEBUG] audioleaf::visualizer: 3764
12:09:55.666 [DEBUG] audioleaf::visualizer: 3762
12:09:55.708 [DEBUG] audioleaf::visualizer: 3764
12:09:55.751 [DEBUG] audioleaf::visualizer: 3764
12:09:55.794 [DEBUG] audioleaf::visualizer: 3762
12:09:55.836 [DEBUG] audioleaf::visualizer: 3764
12:09:55.879 [DEBUG] audioleaf::visualizer: 3762
12:09:55.922 [DEBUG] audioleaf::visualizer: 3764
12:09:55.964 [DEBUG] audioleaf::visualizer: 3764
12:09:56.007 [DEBUG] audioleaf::visualizer: 3762
12:09:56.050 [DEBUG] audioleaf::visualizer: 3764
12:09:56.092 [DEBUG] audioleaf::visualizer: 3762
12:09:56.135 [DEBUG] audioleaf::visualizer: 3764
12:09:56.178 [DEBUG] audioleaf::visualizer: 3764
12:09:56.220 [DEBUG] audioleaf::visualizer: 3762
12:09:56.263 [DEBUG] audioleaf::visualizer: 3764
12:09:56.306 [DEBUG] audioleaf::visualizer: 3762
12:09:56.348 [DEBUG] audioleaf::visualizer: 3764
12:09:56.391 [DEBUG] audioleaf::visualizer: 3764
12:09:56.434 [DEBUG] audioleaf::visualizer: 3762
12:09:56.476 [DEBUG] audioleaf::visualizer: 3764
12:09:56.519 [DEBUG] audioleaf::visualizer: 3762
12:09:56.562 [DEBUG] audioleaf::visualizer: 3764
12:09:56.604 [DEBUG] audioleaf::visualizer: 3764
12:09:56.647 [DEBUG] audioleaf::visualizer: 3762
12:09:56.690 [DEBUG] audioleaf::visualizer: 3764
12:09:56.732 [DEBUG] audioleaf::visualizer: 3762
12:09:56.775 [DEBUG] audioleaf::visualizer: 3764
12:09:56.818 [DEBUG] audioleaf::visualizer: 3764
12:09:56.860 [DEBUG] audioleaf::visualizer: 3762
12:09:56.903 [DEBUG] audioleaf::visualizer: 3764
12:09:56.946 [DEBUG] audioleaf::visualizer: 3762
12:09:56.988 [DEBUG] audioleaf::visualizer: 3764
12:09:57.031 [DEBUG] audioleaf::visualizer: 3764
12:09:57.074 [DEBUG] audioleaf::visualizer: 3762
12:09:57.116 [DEBUG] audioleaf::visualizer: 3764
12:09:57.159 [DEBUG] audioleaf::visualizer: 3762
12:09:57.202 [DEBUG] audioleaf::visualizer: 3764
12:09:57.244 [DEBUG] audioleaf::visualizer: 3764
12:09:57.287 [DEBUG] audioleaf::visualizer: 3762
12:09:57.330 [DEBUG] audioleaf::visualizer: 3764
12:09:57.372 [DEBUG] audioleaf::visualizer: 3762
12:09:57.415 [DEBUG] audioleaf::visualizer: 3764
12:09:57.458 [DEBUG] audioleaf::visualizer: 3764
12:09:57.500 [DEBUG] audioleaf::visualizer: 3762
12:09:57.543 [DEBUG] audioleaf::visualizer: 3764
12:09:57.586 [DEBUG] audioleaf::visualizer: 3762
12:09:57.628 [DEBUG] audioleaf::visualizer: 3764
12:09:57.671 [DEBUG] audioleaf::visualizer: 3764
12:09:57.714 [DEBUG] audioleaf::visualizer: 3762
12:09:57.756 [DEBUG] audioleaf::visualizer: 3764
12:09:57.799 [DEBUG] audioleaf::visualizer: 3762
12:09:57.842 [DEBUG] audioleaf::visualizer: 3764
12:09:57.884 [DEBUG] audioleaf::visualizer: 3764
12:09:57.927 [DEBUG] audioleaf::visualizer: 3762
12:09:57.970 [DEBUG] audioleaf::visualizer: 3764
12:09:58.012 [DEBUG] audioleaf::visualizer: 3762
12:09:58.055 [DEBUG] audioleaf::visualizer: 3764
12:09:58.098 [DEBUG] audioleaf::visualizer: 3764
12:09:58.140 [DEBUG] audioleaf::visualizer: 3762
12:09:58.183 [DEBUG] audioleaf::visualizer: 3764
12:09:58.226 [DEBUG] audioleaf::visualizer: 3762
12:09:58.268 [DEBUG] audioleaf::visualizer: 3764
12:09:58.311 [DEBUG] audioleaf::visualizer: 3764
12:09:58.354 [DEBUG] audioleaf::visualizer: 3762
12:09:58.396 [DEBUG] audioleaf::visualizer: 3764
12:09:58.439 [DEBUG] audioleaf::visualizer: 3762
12:09:58.482 [DEBUG] audioleaf::visualizer: 3764
12:09:58.524 [DEBUG] audioleaf::visualizer: 3764
12:09:58.567 [DEBUG] audioleaf::visualizer: 3762
12:09:58.610 [DEBUG] audioleaf::visualizer: 3764
12:09:58.652 [DEBUG] audioleaf::visualizer: 3762
12:09:58.695 [DEBUG] audioleaf::visualizer: 3764
12:09:58.738 [DEBUG] audioleaf::visualizer: 3764
12:09:58.780 [DEBUG] audioleaf::visualizer: 3762
12:09:58.823 [DEBUG] audioleaf::visualizer: 3764
12:09:58.866 [DEBUG] audioleaf::visualizer: 3762
12:09:58.908 [DEBUG] audioleaf::visualizer: 3764
12:09:58.951 [DEBUG] audioleaf::visualizer: 3764
12:09:58.994 [DEBUG] audioleaf::visualizer: 3762
12:09:59.036 [DEBUG] audioleaf::visualizer: 3764
12:09:59.079 [DEBUG] audioleaf::visualizer: 3762
12:09:59.122 [DEBUG] audioleaf::visualizer: 3764
12:09:59.164 [DEBUG] audioleaf::visualizer: 3764
12:09:59.207 [DEBUG] audioleaf::visualizer: 3762
12:09:59.250 [DEBUG] audioleaf::visualizer: 3764
12:09:59.292 [DEBUG] audioleaf::visualizer: 3762
12:09:59.335 [DEBUG] audioleaf::visualizer: 3764
12:09:59.378 [DEBUG] audioleaf::visualizer: 3764
12:09:59.420 [DEBUG] audioleaf::visualizer: 3762
12:09:59.463 [DEBUG] audioleaf::visualizer: 3764
12:09:59.506 [DEBUG] audioleaf::visualizer: 3762
12:09:59.548 [DEBUG] audioleaf::visualizer: 3764
12:09:59.591 [DEBUG] audioleaf::visualizer: 3764
12:09:59.634 [DEBUG] audioleaf::visualizer: 3762
12:09:59.676 [DEBUG] audioleaf::visualizer: 3764
12:09:59.719 [DEBUG] audioleaf::visualizer: 3762
12:09:59.762 [DEBUG] audioleaf::visualizer: 3764
12:09:59.804 [DEBUG] audioleaf::visualizer: 3764
12:09:59.847 [DEBUG] audioleaf::visualizer: 3762
12:09:59.890 [DEBUG] audioleaf::visualizer: 3764
12:09:59.932 [DEBUG] audioleaf::visualizer: 3762
12:09:59.975 [DEBUG] audioleaf::visualizer: 3764
12:10:00.018 [DEBUG] audioleaf::visualizer: 3764
12:10:00.060 [DEBUG] audioleaf::visualizer: 3762
12:10:00.103 [DEBUG] audioleaf::visualizer: 3764
12:10:00.146 [DEBUG] audioleaf::visualizer: 3762
12:10:00.188 [DEBUG] audioleaf::visualizer: 3764
12:10:00.231 [DEBUG] audioleaf::visualizer: 3764
12:10:00.274 [DEBUG] audioleaf::visualizer: 3762
12:10:00.316 [DEBUG] audioleaf::visualizer: 3764
12:10:00.359 [DEBUG] audioleaf::visualizer: 3762
12:10:00.402 [DEBUG] audioleaf::visualizer: 3764
12:10:00.444 [DEBUG] audioleaf::visualizer: 3764
12:10:00.487 [DEBUG] audioleaf::visualizer: 3762
12:10:00.530 [DEBUG] audioleaf::visualizer: 3764
12:10:00.572 [DEBUG] audioleaf::visualizer: 3762
12:10:00.615 [DEBUG] audioleaf::visualizer: 3764
12:10:00.658 [DEBUG] audioleaf::visualizer: 3764
12:10:00.700 [DEBUG] audioleaf::visualizer: 3762
12:10:00.743 [DEBUG] audioleaf::visualizer: 3764
12:10:00.786 [DEBUG] audioleaf::visualizer: 3762
12:10:00.828 [DEBUG] audioleaf::visualizer: 3764
12:10:00.871 [DEBUG] audioleaf::visualizer: 3764
12:10:00.914 [DEBUG] audioleaf::visualizer: 3762
12:10:00.956 [DEBUG] audioleaf::visualizer: 3764
12:10:00.999 [DEBUG] audioleaf::visualizer: 3762
12:10:01.042 [DEBUG] audioleaf::visualizer: 3764
12:10:01.084 [DEBUG] audioleaf::visualizer: 3764
12:10:01.127 [DEBUG] audioleaf::visualizer: 3762
12:10:01.170 [DEBUG] audioleaf::visualizer: 3764
12:10:01.212 [DEBUG] audioleaf::visualizer: 3762
12:10:01.255 [DEBUG] audioleaf::visualizer: 3764
12:10:01.298 [DEBUG] audioleaf::visualizer: 3764
12:10:01.340 [DEBUG] audioleaf::visualizer: 3762
12:10:01.383 [DEBUG] audioleaf::visualizer: 3764
12:10:01.426 [DEBUG] audioleaf::visualizer: 3762
12:10:01.468 [DEBUG] audioleaf::visualizer: 3764
12:10:01.511 [DEBUG] audioleaf::visualizer: 3764
12:10:01.554 [DEBUG] audioleaf::visualizer: 3762
12:10:01.596 [DEBUG] audioleaf::visualizer: 3764
12:10:01.639 [DEBUG] audioleaf::visualizer: 3762
12:10:01.682 [DEBUG] audioleaf::visualizer: 3764
12:10:01.724 [DEBUG] audioleaf::visualizer: 3764
12:10:01.767 [DEBUG] audioleaf::visualizer: 3762
12:10:01.810 [DEBUG] audioleaf::visualizer: 3764
12:10:01.852 [DEBUG] audioleaf::visualizer: 3762
12:10:01.895 [DEBUG] audioleaf::visualizer: 3764
12:10:01.938 [DEBUG] audioleaf::visualizer: 3764
12:10:01.980 [DEBUG] audioleaf::visualizer: 3762
12:10:02.017 [DEBUG] reqwest::connect: starting new connection: http://192.168.0.101:16021/
12:10:02.023 [DEBUG] audioleaf::visualizer: 3764
12:10:02.066 [DEBUG] audioleaf::visualizer: 3762
12:10:02.074 [WARN] audioleaf::visualizer: pause received
12:10:02.108 [DEBUG] audioleaf::visualizer: 3764
12:10:02.151 [DEBUG] audioleaf::visualizer: 3764
12:10:02.194 [DEBUG] audioleaf::visualizer: 3762
12:10:02.236 [DEBUG] audioleaf::visualizer: 3764
12:10:02.279 [DEBUG] audioleaf::visualizer: 3762
12:10:02.322 [DEBUG] audioleaf::visualizer: 3764
12:10:02.364 [DEBUG] audioleaf::visualizer: 3764
12:10:02.407 [DEBUG] audioleaf::visualizer: 3762
12:10:02.450 [DEBUG] audioleaf::visualizer: 3764
12:10:02.492 [DEBUG] audioleaf::visualizer: 3762
12:10:02.535 [DEBUG] audioleaf::visualizer: 3764
12:10:02.578 [DEBUG] audioleaf::visualizer: 3764
12:10:02.620 [DEBUG] audioleaf::visualizer: 3762
12:10:02.663 [DEBUG] audioleaf::visualizer: 3764
12:10:02.706 [DEBUG] audioleaf::visualizer: 3762
12:10:02.748 [DEBUG] audioleaf::visualizer: 3764
12:10:02.791 [DEBUG] audioleaf::visualizer: 3764
12:10:02.834 [DEBUG] audioleaf::visualizer: 3762
12:10:02.876 [DEBUG] audioleaf::visualizer: 3764
12:10:02.919 [DEBUG] audioleaf::visualizer: 3762
12:10:02.962 [DEBUG] audioleaf::visualizer: 3764
12:10:03.004 [DEBUG] audioleaf::visualizer: 3764
12:10:03.047 [DEBUG] audioleaf::visualizer: 3762
12:10:03.090 [DEBUG] audioleaf::visualizer: 3764
12:10:03.132 [DEBUG] audioleaf::visualizer: 3762
12:10:03.175 [DEBUG] audioleaf::visualizer: 3764
12:10:03.218 [DEBUG] audioleaf::visualizer: 3764
12:10:03.260 [DEBUG] audioleaf::visualizer: 3762
12:10:03.303 [DEBUG] audioleaf::visualizer: 3764
12:10:03.346 [DEBUG] audioleaf::visualizer: 3762
12:10:03.388 [DEBUG] audioleaf::visualizer: 3764
12:10:03.431 [DEBUG] audioleaf::visualizer: 3764
12:10:03.474 [DEBUG] audioleaf::visualizer: 3762
12:10:03.516 [DEBUG] audioleaf::visualizer: 3764
12:10:03.559 [DEBUG] audioleaf::visualizer: 3762
12:10:03.602 [DEBUG] audioleaf::visualizer: 3764
12:10:03.644 [DEBUG] audioleaf::visualizer: 3764
12:10:03.687 [DEBUG] audioleaf::visualizer: 3762
12:10:03.730 [DEBUG] audioleaf::visualizer: 3764
12:10:03.772 [DEBUG] audioleaf::visualizer: 3762
12:10:03.815 [DEBUG] audioleaf::visualizer: 3764
12:10:03.858 [DEBUG] audioleaf::visualizer: 3764
12:10:03.900 [DEBUG] audioleaf::visualizer: 3762
12:10:03.943 [DEBUG] audioleaf::visualizer: 3764
12:10:03.986 [DEBUG] audioleaf::visualizer: 3762
12:10:04.028 [DEBUG] audioleaf::visualizer: 3764
12:10:04.071 [DEBUG] audioleaf::visualizer: 3764
12:10:04.114 [DEBUG] audioleaf::visualizer: 3762
12:10:04.156 [DEBUG] audioleaf::visualizer: 3764
12:10:04.199 [DEBUG] audioleaf::visualizer: 3762
12:10:04.242 [DEBUG] audioleaf::visualizer: 3764
12:10:04.284 [DEBUG] audioleaf::visualizer: 3764
12:10:04.327 [DEBUG] audioleaf::visualizer: 3762
12:10:04.370 [DEBUG] audioleaf::visualizer: 3764
12:10:04.412 [DEBUG] audioleaf::visualizer: 3762
12:10:04.455 [DEBUG] audioleaf::visualizer: 3764
12:10:04.498 [DEBUG] audioleaf::visualizer: 3764
12:10:04.540 [DEBUG] audioleaf::visualizer: 3762
12:10:04.583 [DEBUG] audioleaf::visualizer: 3764
12:10:04.626 [DEBUG] audioleaf::visualizer: 3762
12:10:04.668 [DEBUG] audioleaf::visualizer: 3764
12:10:04.711 [DEBUG] audioleaf::visualizer: 3764
12:10:04.754 [DEBUG] audioleaf::visualizer: 3762
12:10:04.796 [DEBUG] audioleaf::visualizer: 3764
12:10:04.839 [DEBUG] audioleaf::visualizer: 3762
12:10:04.882 [DEBUG] audioleaf::visualizer: 3764
12:10:04.924 [DEBUG] audioleaf::visualizer: 3764
12:10:04.967 [DEBUG] audioleaf::visualizer: 3762
12:10:05.010 [DEBUG] audioleaf::visualizer: 3764
12:10:05.052 [DEBUG] audioleaf::visualizer: 3762
12:10:05.095 [DEBUG] audioleaf::visualizer: 3764
12:10:05.138 [DEBUG] audioleaf::visualizer: 3764
12:10:05.180 [DEBUG] audioleaf::visualizer: 3762
12:10:05.223 [DEBUG] audioleaf::visualizer: 3764
12:10:05.266 [DEBUG] audioleaf::visualizer: 3762
12:10:05.308 [DEBUG] audioleaf::visualizer: 3764
12:10:05.351 [DEBUG] audioleaf::visualizer: 3764
12:10:05.394 [DEBUG] audioleaf::visualizer: 3762
12:10:05.436 [DEBUG] audioleaf::visualizer: 3764
12:10:05.479 [DEBUG] audioleaf::visualizer: 3762
12:10:05.522 [DEBUG] audioleaf::visualizer: 3764
12:10:05.564 [DEBUG] audioleaf::visualizer: 3764
12:10:05.607 [DEBUG] audioleaf::visualizer: 3762
12:10:05.650 [DEBUG] audioleaf::visualizer: 3764
12:10:05.692 [DEBUG] audioleaf::visualizer: 3762
12:10:05.735 [DEBUG] audioleaf::visualizer: 3764
12:10:05.778 [DEBUG] audioleaf::visualizer: 3764
12:10:05.820 [DEBUG] audioleaf::visualizer: 3762
12:10:05.863 [DEBUG] audioleaf::visualizer: 3764
12:10:05.906 [DEBUG] audioleaf::visualizer: 3762
12:10:05.948 [DEBUG] audioleaf::visualizer: 3764
12:10:05.991 [DEBUG] audioleaf::visualizer: 3764
12:10:06.034 [DEBUG] audioleaf::visualizer: 3762
12:10:06.076 [DEBUG] audioleaf::visualizer: 3764
12:10:06.119 [DEBUG] audioleaf::visualizer: 3762
12:10:06.162 [DEBUG] audioleaf::visualizer: 3764
12:10:06.204 [DEBUG] audioleaf::visualizer: 3764
12:10:06.247 [DEBUG] audioleaf::visualizer: 3762
12:10:06.290 [DEBUG] audioleaf::visualizer: 3764
12:10:06.332 [DEBUG] audioleaf::visualizer: 3762
12:10:06.375 [DEBUG] audioleaf::visualizer: 3764
12:10:06.418 [DEBUG] audioleaf::visualizer: 3764
12:10:06.460 [DEBUG] audioleaf::visualizer: 3762
12:10:06.503 [DEBUG] audioleaf::visualizer: 3764
12:10:06.546 [DEBUG] audioleaf::visualizer: 3762
12:10:06.588 [DEBUG] audioleaf::visualizer: 3764
12:10:06.631 [DEBUG] audioleaf::visualizer: 3764
12:10:06.674 [DEBUG] audioleaf::visualizer: 3762
12:10:06.716 [DEBUG] audioleaf::visualizer: 3764
12:10:06.759 [DEBUG] audioleaf::visualizer: 3762
12:10:06.802 [DEBUG] audioleaf::visualizer: 3764
12:10:06.844 [DEBUG] audioleaf::visualizer: 3764
12:10:06.887 [DEBUG] audioleaf::visualizer: 3762
12:10:06.930 [DEBUG] audioleaf::visualizer: 3764
12:10:06.972 [DEBUG] audioleaf::visualizer: 3762
12:10:07.015 [DEBUG] audioleaf::visualizer: 3764
12:10:07.058 [DEBUG] audioleaf::visualizer: 3764
12:10:07.100 [DEBUG] audioleaf::visualizer: 3762
12:10:07.143 [DEBUG] audioleaf::visualizer: 3764
12:10:07.186 [DEBUG] audioleaf::visualizer: 3762
12:10:07.228 [DEBUG] audioleaf::visualizer: 3764
12:10:07.271 [DEBUG] audioleaf::visualizer: 3764
12:10:07.314 [DEBUG] audioleaf::visualizer: 3762
12:10:07.356 [DEBUG] audioleaf::visualizer: 3764
12:10:07.399 [DEBUG] audioleaf::visualizer: 3762
12:10:07.442 [DEBUG] audioleaf::visualizer: 3764
12:10:07.484 [DEBUG] audioleaf::visualizer: 3764
12:10:07.488 [DEBUG] reqwest::connect: starting new connection: http://192.168.0.101:16021/
12:10:07.527 [DEBUG] audioleaf::visualizer: 3762
12:10:07.570 [DEBUG] audioleaf::visualizer: 3764
12:10:07.612 [DEBUG] audioleaf::visualizer: 3762
12:10:07.655 [DEBUG] audioleaf::visualizer: 3764
12:10:07.698 [DEBUG] audioleaf::visualizer: 3764
12:10:07.740 [DEBUG] audioleaf::visualizer: 3762
12:10:07.783 [DEBUG] audioleaf::visualizer: 3764
12:10:07.794 [WARN] audioleaf::visualizer: resume received
